2019-04-30 16:19:39 ERROR 14512 --- [http-nio-8080-exec-3] c.g.a.exception.GlobalExceptionHandler   : 授权中点发生异常，异常原因是:您未获得访问权限
2019-04-30 16:19:39  WARN 14512 --- [http-nio-8080-exec-3] .m.m.a.ExceptionHandlerExceptionResolver : Resolved [com.gdhengdian.auth.exception.AuthException]
2019-04-30 17:09:29 ERROR 8072 --- [main] o.apache.catalina.core.StandardService   : Failed to start connector [Connector[HTTP/1.1-8080]]

org.apache.catalina.LifecycleException: Failed to start component [Connector[HTTP/1.1-8080]]
	at org.apache.catalina.util.LifecycleBase.start(LifecycleBase.java:167) ~[tomcat-embed-core-8.5.34.jar:8.5.34]
	at org.apache.catalina.core.StandardService.addConnector(StandardService.java:225) ~[tomcat-embed-core-8.5.34.jar:8.5.34]
	at org.springframework.boot.web.embedded.tomcat.TomcatWebServer.addPreviouslyRemovedConnectors(TomcatWebServer.java:256) [spring-boot-2.0.5.RELEASE.jar:2.0.5.RELEASE]
	at org.springframework.boot.web.embedded.tomcat.TomcatWebServer.start(TomcatWebServer.java:198) [spring-boot-2.0.5.RELEASE.jar:2.0.5.RELEASE]
	at org.springframework.boot.web.servlet.context.ServletWebServerApplicationContext.startWebServer(ServletWebServerApplicationContext.java:300) [spring-boot-2.0.5.RELEASE.jar:2.0.5.RELEASE]
	at org.springframework.boot.web.servlet.context.ServletWebServerApplicationContext.finishRefresh(ServletWebServerApplicationContext.java:162) [spring-boot-2.0.5.RELEASE.jar:2.0.5.RELEASE]
	at org.springframework.context.support.AbstractApplicationContext.refresh(AbstractApplicationContext.java:553) [spring-context-5.0.9.RELEASE.jar:5.0.9.RELEASE]
	at org.springframework.boot.web.servlet.context.ServletWebServerApplicationContext.refresh(ServletWebServerApplicationContext.java:140) [spring-boot-2.0.5.RELEASE.jar:2.0.5.RELEASE]
	at org.springframework.boot.SpringApplication.refresh(SpringApplication.java:780) [spring-boot-2.0.5.RELEASE.jar:2.0.5.RELEASE]
	at org.springframework.boot.SpringApplication.refreshContext(SpringApplication.java:412) [spring-boot-2.0.5.RELEASE.jar:2.0.5.RELEASE]
	at org.springframework.boot.SpringApplication.run(SpringApplication.java:333) [spring-boot-2.0.5.RELEASE.jar:2.0.5.RELEASE]
	at org.springframework.boot.SpringApplication.run(SpringApplication.java:1277) [spring-boot-2.0.5.RELEASE.jar:2.0.5.RELEASE]
	at org.springframework.boot.SpringApplication.run(SpringApplication.java:1265) [spring-boot-2.0.5.RELEASE.jar:2.0.5.RELEASE]
	at com.gdhengdian.auth.AuthApplication.main(AuthApplication.java:16) [classes/:na]
Caused by: org.apache.catalina.LifecycleException: Protocol handler start failed
	at org.apache.catalina.connector.Connector.startInternal(Connector.java:1020) ~[tomcat-embed-core-8.5.34.jar:8.5.34]
	at org.apache.catalina.util.LifecycleBase.start(LifecycleBase.java:150) ~[tomcat-embed-core-8.5.34.jar:8.5.34]
	... 13 common frames omitted
Caused by: java.net.BindException: Address already in use: bind
	at sun.nio.ch.Net.bind0(Native Method) ~[na:1.8.0_31]
	at sun.nio.ch.Net.bind(Net.java:436) ~[na:1.8.0_31]
	at sun.nio.ch.Net.bind(Net.java:428) ~[na:1.8.0_31]
	at sun.nio.ch.ServerSocketChannelImpl.bind(ServerSocketChannelImpl.java:214) ~[na:1.8.0_31]
	at sun.nio.ch.ServerSocketAdaptor.bind(ServerSocketAdaptor.java:74) ~[na:1.8.0_31]
	at org.apache.tomcat.util.net.NioEndpoint.bind(NioEndpoint.java:219) ~[tomcat-embed-core-8.5.34.jar:8.5.34]
	at org.apache.tomcat.util.net.AbstractEndpoint.start(AbstractEndpoint.java:1151) ~[tomcat-embed-core-8.5.34.jar:8.5.34]
	at org.apache.coyote.AbstractProtocol.start(AbstractProtocol.java:591) ~[tomcat-embed-core-8.5.34.jar:8.5.34]
	at org.apache.catalina.connector.Connector.startInternal(Connector.java:1018) ~[tomcat-embed-core-8.5.34.jar:8.5.34]
	... 14 common frames omitted

2019-04-30 17:09:29 ERROR 8072 --- [main] o.s.b.d.LoggingFailureAnalysisReporter   : 

***************************
APPLICATION FAILED TO START
***************************

Description:

The Tomcat connector configured to listen on port 8080 failed to start. The port may already be in use or the connector may be misconfigured.

Action:

Verify the connector's configuration, identify and stop any process that's listening on port 8080, or configure this application to listen on another port.

2019-04-30 17:41:40 ERROR 212 --- [main] o.apache.catalina.core.StandardService   : Failed to start connector [Connector[HTTP/1.1-8080]]

org.apache.catalina.LifecycleException: Failed to start component [Connector[HTTP/1.1-8080]]
	at org.apache.catalina.util.LifecycleBase.start(LifecycleBase.java:167) ~[tomcat-embed-core-8.5.34.jar:8.5.34]
	at org.apache.catalina.core.StandardService.addConnector(StandardService.java:225) ~[tomcat-embed-core-8.5.34.jar:8.5.34]
	at org.springframework.boot.web.embedded.tomcat.TomcatWebServer.addPreviouslyRemovedConnectors(TomcatWebServer.java:256) [spring-boot-2.0.5.RELEASE.jar:2.0.5.RELEASE]
	at org.springframework.boot.web.embedded.tomcat.TomcatWebServer.start(TomcatWebServer.java:198) [spring-boot-2.0.5.RELEASE.jar:2.0.5.RELEASE]
	at org.springframework.boot.web.servlet.context.ServletWebServerApplicationContext.startWebServer(ServletWebServerApplicationContext.java:300) [spring-boot-2.0.5.RELEASE.jar:2.0.5.RELEASE]
	at org.springframework.boot.web.servlet.context.ServletWebServerApplicationContext.finishRefresh(ServletWebServerApplicationContext.java:162) [spring-boot-2.0.5.RELEASE.jar:2.0.5.RELEASE]
	at org.springframework.context.support.AbstractApplicationContext.refresh(AbstractApplicationContext.java:553) [spring-context-5.0.9.RELEASE.jar:5.0.9.RELEASE]
	at org.springframework.boot.web.servlet.context.ServletWebServerApplicationContext.refresh(ServletWebServerApplicationContext.java:140) [spring-boot-2.0.5.RELEASE.jar:2.0.5.RELEASE]
	at org.springframework.boot.SpringApplication.refresh(SpringApplication.java:780) [spring-boot-2.0.5.RELEASE.jar:2.0.5.RELEASE]
	at org.springframework.boot.SpringApplication.refreshContext(SpringApplication.java:412) [spring-boot-2.0.5.RELEASE.jar:2.0.5.RELEASE]
	at org.springframework.boot.SpringApplication.run(SpringApplication.java:333) [spring-boot-2.0.5.RELEASE.jar:2.0.5.RELEASE]
	at org.springframework.boot.SpringApplication.run(SpringApplication.java:1277) [spring-boot-2.0.5.RELEASE.jar:2.0.5.RELEASE]
	at org.springframework.boot.SpringApplication.run(SpringApplication.java:1265) [spring-boot-2.0.5.RELEASE.jar:2.0.5.RELEASE]
	at com.gdhengdian.auth.AuthApplication.main(AuthApplication.java:16) [classes/:na]
Caused by: org.apache.catalina.LifecycleException: Protocol handler start failed
	at org.apache.catalina.connector.Connector.startInternal(Connector.java:1020) ~[tomcat-embed-core-8.5.34.jar:8.5.34]
	at org.apache.catalina.util.LifecycleBase.start(LifecycleBase.java:150) ~[tomcat-embed-core-8.5.34.jar:8.5.34]
	... 13 common frames omitted
Caused by: java.net.BindException: Address already in use: bind
	at sun.nio.ch.Net.bind0(Native Method) ~[na:1.8.0_31]
	at sun.nio.ch.Net.bind(Net.java:436) ~[na:1.8.0_31]
	at sun.nio.ch.Net.bind(Net.java:428) ~[na:1.8.0_31]
	at sun.nio.ch.ServerSocketChannelImpl.bind(ServerSocketChannelImpl.java:214) ~[na:1.8.0_31]
	at sun.nio.ch.ServerSocketAdaptor.bind(ServerSocketAdaptor.java:74) ~[na:1.8.0_31]
	at org.apache.tomcat.util.net.NioEndpoint.bind(NioEndpoint.java:219) ~[tomcat-embed-core-8.5.34.jar:8.5.34]
	at org.apache.tomcat.util.net.AbstractEndpoint.start(AbstractEndpoint.java:1151) ~[tomcat-embed-core-8.5.34.jar:8.5.34]
	at org.apache.coyote.AbstractProtocol.start(AbstractProtocol.java:591) ~[tomcat-embed-core-8.5.34.jar:8.5.34]
	at org.apache.catalina.connector.Connector.startInternal(Connector.java:1018) ~[tomcat-embed-core-8.5.34.jar:8.5.34]
	... 14 common frames omitted

2019-04-30 17:41:40 ERROR 212 --- [main] o.s.b.d.LoggingFailureAnalysisReporter   : 

***************************
APPLICATION FAILED TO START
***************************

Description:

The Tomcat connector configured to listen on port 8080 failed to start. The port may already be in use or the connector may be misconfigured.

Action:

Verify the connector's configuration, identify and stop any process that's listening on port 8080, or configure this application to listen on another port.

2019-04-30 18:43:08 ERROR 17200 --- [http-nio-8080-exec-5] o.a.c.c.C.[.[.[/].[dispatcherServlet]    : Servlet.service() for servlet [dispatcherServlet] in context with path [] threw exception [Request processing failed; nested exception is org.springframework.dao.DuplicateKeyException: 
### Error updating database.  Cause: com.mysql.jdbc.exceptions.jdbc4.MySQLIntegrityConstraintViolationException: Duplicate entry '002' for key 'uk_username'
### The error may involve com.gdhengdian.auth.mapper.TokenMapper.batchSaveUserToken-Inline
### The error occurred while setting parameters
### SQL: INSERT INTO token(username, password, type) VALUES    (?, ?,?)
### Cause: com.mysql.jdbc.exceptions.jdbc4.MySQLIntegrityConstraintViolationException: Duplicate entry '002' for key 'uk_username'
; ]; Duplicate entry '002' for key 'uk_username'; nested exception is com.mysql.jdbc.exceptions.jdbc4.MySQLIntegrityConstraintViolationException: Duplicate entry '002' for key 'uk_username'] with root cause

com.mysql.jdbc.exceptions.jdbc4.MySQLIntegrityConstraintViolationException: Duplicate entry '002' for key 'uk_username'
	at sun.reflect.NativeConstructorAccessorImpl.newInstance0(Native Method) ~[na:1.8.0_31]
	at sun.reflect.NativeConstructorAccessorImpl.newInstance(NativeConstructorAccessorImpl.java:62) ~[na:1.8.0_31]
	at sun.reflect.DelegatingConstructorAccessorImpl.newInstance(DelegatingConstructorAccessorImpl.java:45) ~[na:1.8.0_31]
	at java.lang.reflect.Constructor.newInstance(Constructor.java:408) ~[na:1.8.0_31]
	at com.mysql.jdbc.Util.handleNewInstance(Util.java:425) ~[mysql-connector-java-5.1.47.jar:5.1.47]
	at com.mysql.jdbc.Util.getInstance(Util.java:408) ~[mysql-connector-java-5.1.47.jar:5.1.47]
	at com.mysql.jdbc.SQLError.createSQLException(SQLError.java:936) ~[mysql-connector-java-5.1.47.jar:5.1.47]
	at com.mysql.jdbc.MysqlIO.checkErrorPacket(MysqlIO.java:3978) ~[mysql-connector-java-5.1.47.jar:5.1.47]
	at com.mysql.jdbc.MysqlIO.checkErrorPacket(MysqlIO.java:3914) ~[mysql-connector-java-5.1.47.jar:5.1.47]
	at com.mysql.jdbc.MysqlIO.sendCommand(MysqlIO.java:2530) ~[mysql-connector-java-5.1.47.jar:5.1.47]
	at com.mysql.jdbc.MysqlIO.sqlQueryDirect(MysqlIO.java:2683) ~[mysql-connector-java-5.1.47.jar:5.1.47]
	at com.mysql.jdbc.ConnectionImpl.execSQL(ConnectionImpl.java:2495) ~[mysql-connector-java-5.1.47.jar:5.1.47]
	at com.mysql.jdbc.PreparedStatement.executeInternal(PreparedStatement.java:1903) ~[mysql-connector-java-5.1.47.jar:5.1.47]
	at com.mysql.jdbc.PreparedStatement.execute(PreparedStatement.java:1242) ~[mysql-connector-java-5.1.47.jar:5.1.47]
	at com.alibaba.druid.filter.FilterChainImpl.preparedStatement_execute(FilterChainImpl.java:3409) ~[druid-1.1.10.jar:1.1.10]
	at com.alibaba.druid.filter.FilterEventAdapter.preparedStatement_execute(FilterEventAdapter.java:440) ~[druid-1.1.10.jar:1.1.10]
	at com.alibaba.druid.filter.FilterChainImpl.preparedStatement_execute(FilterChainImpl.java:3407) ~[druid-1.1.10.jar:1.1.10]
	at com.alibaba.druid.proxy.jdbc.PreparedStatementProxyImpl.execute(PreparedStatementProxyImpl.java:167) ~[druid-1.1.10.jar:1.1.10]
	at com.alibaba.druid.pool.DruidPooledPreparedStatement.execute(DruidPooledPreparedStatement.java:498) ~[druid-1.1.10.jar:1.1.10]
	at org.apache.ibatis.executor.statement.PreparedStatementHandler.update(PreparedStatementHandler.java:46) ~[mybatis-3.4.6.jar:3.4.6]
	at org.apache.ibatis.executor.statement.RoutingStatementHandler.update(RoutingStatementHandler.java:74) ~[mybatis-3.4.6.jar:3.4.6]
	at org.apache.ibatis.executor.SimpleExecutor.doUpdate(SimpleExecutor.java:50) ~[mybatis-3.4.6.jar:3.4.6]
	at org.apache.ibatis.executor.BaseExecutor.update(BaseExecutor.java:117) ~[mybatis-3.4.6.jar:3.4.6]
	at org.apache.ibatis.executor.CachingExecutor.update(CachingExecutor.java:76) ~[mybatis-3.4.6.jar:3.4.6]
	at org.apache.ibatis.session.defaults.DefaultSqlSession.update(DefaultSqlSession.java:198) ~[mybatis-3.4.6.jar:3.4.6]
	at org.apache.ibatis.session.defaults.DefaultSqlSession.insert(DefaultSqlSession.java:185) ~[mybatis-3.4.6.jar:3.4.6]
	at sun.reflect.NativeMethodAccessorImpl.invoke0(Native Method) ~[na:1.8.0_31]
	at sun.reflect.NativeMethodAccessorImpl.invoke(NativeMethodAccessorImpl.java:62) ~[na:1.8.0_31]
	at sun.reflect.DelegatingMethodAccessorImpl.invoke(DelegatingMethodAccessorImpl.java:43) ~[na:1.8.0_31]
	at java.lang.reflect.Method.invoke(Method.java:483) ~[na:1.8.0_31]
	at org.mybatis.spring.SqlSessionTemplate$SqlSessionInterceptor.invoke(SqlSessionTemplate.java:433) ~[mybatis-spring-1.3.2.jar:1.3.2]
	at com.sun.proxy.$Proxy69.insert(Unknown Source) ~[na:na]
	at org.mybatis.spring.SqlSessionTemplate.insert(SqlSessionTemplate.java:278) ~[mybatis-spring-1.3.2.jar:1.3.2]
	at org.apache.ibatis.binding.MapperMethod.execute(MapperMethod.java:58) ~[mybatis-3.4.6.jar:3.4.6]
	at org.apache.ibatis.binding.MapperProxy.invoke(MapperProxy.java:59) ~[mybatis-3.4.6.jar:3.4.6]
	at com.sun.proxy.$Proxy76.batchSaveUserToken(Unknown Source) ~[na:na]
	at sun.reflect.NativeMethodAccessorImpl.invoke0(Native Method) ~[na:1.8.0_31]
	at sun.reflect.NativeMethodAccessorImpl.invoke(NativeMethodAccessorImpl.java:62) ~[na:1.8.0_31]
	at sun.reflect.DelegatingMethodAccessorImpl.invoke(DelegatingMethodAccessorImpl.java:43) ~[na:1.8.0_31]
	at java.lang.reflect.Method.invoke(Method.java:483) ~[na:1.8.0_31]
	at org.springframework.aop.support.AopUtils.invokeJoinpointUsingReflection(AopUtils.java:343) ~[spring-aop-5.0.9.RELEASE.jar:5.0.9.RELEASE]
	at org.springframework.aop.framework.ReflectiveMethodInvocation.invokeJoinpoint(ReflectiveMethodInvocation.java:197) ~[spring-aop-5.0.9.RELEASE.jar:5.0.9.RELEASE]
	at org.springframework.aop.framework.ReflectiveMethodInvocation.proceed(ReflectiveMethodInvocation.java:163) ~[spring-aop-5.0.9.RELEASE.jar:5.0.9.RELEASE]
	at org.springframework.dao.support.PersistenceExceptionTranslationInterceptor.invoke(PersistenceExceptionTranslationInterceptor.java:139) ~[spring-tx-5.0.9.RELEASE.jar:5.0.9.RELEASE]
	at org.springframework.aop.framework.ReflectiveMethodInvocation.proceed(ReflectiveMethodInvocation.java:185) ~[spring-aop-5.0.9.RELEASE.jar:5.0.9.RELEASE]
	at org.springframework.aop.framework.JdkDynamicAopProxy.invoke(JdkDynamicAopProxy.java:212) ~[spring-aop-5.0.9.RELEASE.jar:5.0.9.RELEASE]
	at com.sun.proxy.$Proxy78.batchSaveUserToken(Unknown Source) ~[na:na]
	at com.gdhengdian.auth.manager.TokenManagerImpl.batchSaveTokens(TokenManagerImpl.java:35) ~[classes/:na]
	at com.gdhengdian.auth.manager.TokenManagerImpl$$FastClassBySpringCGLIB$$52203adf.invoke(<generated>) ~[classes/:na]
	at org.springframework.cglib.proxy.MethodProxy.invoke(MethodProxy.java:204) ~[spring-core-5.0.9.RELEASE.jar:5.0.9.RELEASE]
	at org.springframework.aop.framework.CglibAopProxy$CglibMethodInvocation.invokeJoinpoint(CglibAopProxy.java:746) ~[spring-aop-5.0.9.RELEASE.jar:5.0.9.RELEASE]
	at org.springframework.aop.framework.ReflectiveMethodInvocation.proceed(ReflectiveMethodInvocation.java:163) ~[spring-aop-5.0.9.RELEASE.jar:5.0.9.RELEASE]
	at org.springframework.transaction.interceptor.TransactionInterceptor$$Lambda$469/1627695211.proceedWithInvocation(Unknown Source) ~[na:na]
	at org.springframework.transaction.interceptor.TransactionAspectSupport.invokeWithinTransaction(TransactionAspectSupport.java:294) ~[spring-tx-5.0.9.RELEASE.jar:5.0.9.RELEASE]
	at org.springframework.transaction.interceptor.TransactionInterceptor.invoke(TransactionInterceptor.java:98) ~[spring-tx-5.0.9.RELEASE.jar:5.0.9.RELEASE]
	at org.springframework.aop.framework.ReflectiveMethodInvocation.proceed(ReflectiveMethodInvocation.java:185) ~[spring-aop-5.0.9.RELEASE.jar:5.0.9.RELEASE]
	at org.springframework.aop.framework.CglibAopProxy$DynamicAdvisedInterceptor.intercept(CglibAopProxy.java:688) ~[spring-aop-5.0.9.RELEASE.jar:5.0.9.RELEASE]
	at com.gdhengdian.auth.manager.TokenManagerImpl$$EnhancerBySpringCGLIB$$44177b95.batchSaveTokens(<generated>) ~[classes/:na]
	at com.gdhengdian.auth.service.AuthServiceImpl.saveUserTokens(AuthServiceImpl.java:210) ~[classes/:na]
	at com.gdhengdian.auth.conroller.AuthController.register(AuthController.java:46) ~[classes/:na]
	at sun.reflect.NativeMethodAccessorImpl.invoke0(Native Method) ~[na:1.8.0_31]
	at sun.reflect.NativeMethodAccessorImpl.invoke(NativeMethodAccessorImpl.java:62) ~[na:1.8.0_31]
	at sun.reflect.DelegatingMethodAccessorImpl.invoke(DelegatingMethodAccessorImpl.java:43) ~[na:1.8.0_31]
	at java.lang.reflect.Method.invoke(Method.java:483) ~[na:1.8.0_31]
	at org.springframework.web.method.support.InvocableHandlerMethod.doInvoke(InvocableHandlerMethod.java:209) ~[spring-web-5.0.9.RELEASE.jar:5.0.9.RELEASE]
	at org.springframework.web.method.support.InvocableHandlerMethod.invokeForRequest(InvocableHandlerMethod.java:136) ~[spring-web-5.0.9.RELEASE.jar:5.0.9.RELEASE]
	at org.springframework.web.servlet.mvc.method.annotation.ServletInvocableHandlerMethod.invokeAndHandle(ServletInvocableHandlerMethod.java:102) ~[spring-webmvc-5.0.9.RELEASE.jar:5.0.9.RELEASE]
	at org.springframework.web.servlet.mvc.method.annotation.RequestMappingHandlerAdapter.invokeHandlerMethod(RequestMappingHandlerAdapter.java:891) ~[spring-webmvc-5.0.9.RELEASE.jar:5.0.9.RELEASE]
	at org.springframework.web.servlet.mvc.method.annotation.RequestMappingHandlerAdapter.handleInternal(RequestMappingHandlerAdapter.java:797) ~[spring-webmvc-5.0.9.RELEASE.jar:5.0.9.RELEASE]
	at org.springframework.web.servlet.mvc.method.AbstractHandlerMethodAdapter.handle(AbstractHandlerMethodAdapter.java:87) ~[spring-webmvc-5.0.9.RELEASE.jar:5.0.9.RELEASE]
	at org.springframework.web.servlet.DispatcherServlet.doDispatch(DispatcherServlet.java:991) ~[spring-webmvc-5.0.9.RELEASE.jar:5.0.9.RELEASE]
	at org.springframework.web.servlet.DispatcherServlet.doService(DispatcherServlet.java:925) ~[spring-webmvc-5.0.9.RELEASE.jar:5.0.9.RELEASE]
	at org.springframework.web.servlet.FrameworkServlet.processRequest(FrameworkServlet.java:974) ~[spring-webmvc-5.0.9.RELEASE.jar:5.0.9.RELEASE]
	at org.springframework.web.servlet.FrameworkServlet.doPost(FrameworkServlet.java:877) ~[spring-webmvc-5.0.9.RELEASE.jar:5.0.9.RELEASE]
	at javax.servlet.http.HttpServlet.service(HttpServlet.java:661) ~[tomcat-embed-core-8.5.34.jar:8.5.34]
	at org.springframework.web.servlet.FrameworkServlet.service(FrameworkServlet.java:851) ~[spring-webmvc-5.0.9.RELEASE.jar:5.0.9.RELEASE]
	at javax.servlet.http.HttpServlet.service(HttpServlet.java:742) ~[tomcat-embed-core-8.5.34.jar:8.5.34]
	at org.apache.catalina.core.ApplicationFilterChain.internalDoFilter(ApplicationFilterChain.java:231) ~[tomcat-embed-core-8.5.34.jar:8.5.34]
	at org.apache.catalina.core.ApplicationFilterChain.doFilter(ApplicationFilterChain.java:166) ~[tomcat-embed-core-8.5.34.jar:8.5.34]
	at org.apache.tomcat.websocket.server.WsFilter.doFilter(WsFilter.java:52) ~[tomcat-embed-websocket-8.5.34.jar:8.5.34]
	at org.apache.catalina.core.ApplicationFilterChain.internalDoFilter(ApplicationFilterChain.java:193) ~[tomcat-embed-core-8.5.34.jar:8.5.34]
	at org.apache.catalina.core.ApplicationFilterChain.doFilter(ApplicationFilterChain.java:166) ~[tomcat-embed-core-8.5.34.jar:8.5.34]
	at com.alibaba.druid.support.http.WebStatFilter.doFilter(WebStatFilter.java:123) ~[druid-1.1.10.jar:1.1.10]
	at org.apache.catalina.core.ApplicationFilterChain.internalDoFilter(ApplicationFilterChain.java:193) ~[tomcat-embed-core-8.5.34.jar:8.5.34]
	at org.apache.catalina.core.ApplicationFilterChain.doFilter(ApplicationFilterChain.java:166) ~[tomcat-embed-core-8.5.34.jar:8.5.34]
	at org.springframework.web.filter.RequestContextFilter.doFilterInternal(RequestContextFilter.java:99) ~[spring-web-5.0.9.RELEASE.jar:5.0.9.RELEASE]
	at org.springframework.web.filter.OncePerRequestFilter.doFilter(OncePerRequestFilter.java:107) ~[spring-web-5.0.9.RELEASE.jar:5.0.9.RELEASE]
	at org.apache.catalina.core.ApplicationFilterChain.internalDoFilter(ApplicationFilterChain.java:193) ~[tomcat-embed-core-8.5.34.jar:8.5.34]
	at org.apache.catalina.core.ApplicationFilterChain.doFilter(ApplicationFilterChain.java:166) ~[tomcat-embed-core-8.5.34.jar:8.5.34]
	at org.springframework.web.filter.HttpPutFormContentFilter.doFilterInternal(HttpPutFormContentFilter.java:109) ~[spring-web-5.0.9.RELEASE.jar:5.0.9.RELEASE]
	at org.springframework.web.filter.OncePerRequestFilter.doFilter(OncePerRequestFilter.java:107) ~[spring-web-5.0.9.RELEASE.jar:5.0.9.RELEASE]
	at org.apache.catalina.core.ApplicationFilterChain.internalDoFilter(ApplicationFilterChain.java:193) ~[tomcat-embed-core-8.5.34.jar:8.5.34]
	at org.apache.catalina.core.ApplicationFilterChain.doFilter(ApplicationFilterChain.java:166) ~[tomcat-embed-core-8.5.34.jar:8.5.34]
	at org.springframework.web.filter.HiddenHttpMethodFilter.doFilterInternal(HiddenHttpMethodFilter.java:93) ~[spring-web-5.0.9.RELEASE.jar:5.0.9.RELEASE]
	at org.springframework.web.filter.OncePerRequestFilter.doFilter(OncePerRequestFilter.java:107) ~[spring-web-5.0.9.RELEASE.jar:5.0.9.RELEASE]
	at org.apache.catalina.core.ApplicationFilterChain.internalDoFilter(ApplicationFilterChain.java:193) ~[tomcat-embed-core-8.5.34.jar:8.5.34]
	at org.apache.catalina.core.ApplicationFilterChain.doFilter(ApplicationFilterChain.java:166) ~[tomcat-embed-core-8.5.34.jar:8.5.34]
	at org.springframework.web.filter.CharacterEncodingFilter.doFilterInternal(CharacterEncodingFilter.java:200) ~[spring-web-5.0.9.RELEASE.jar:5.0.9.RELEASE]
	at org.springframework.web.filter.OncePerRequestFilter.doFilter(OncePerRequestFilter.java:107) ~[spring-web-5.0.9.RELEASE.jar:5.0.9.RELEASE]
	at org.apache.catalina.core.ApplicationFilterChain.internalDoFilter(ApplicationFilterChain.java:193) ~[tomcat-embed-core-8.5.34.jar:8.5.34]
	at org.apache.catalina.core.ApplicationFilterChain.doFilter(ApplicationFilterChain.java:166) ~[tomcat-embed-core-8.5.34.jar:8.5.34]
	at org.apache.catalina.core.StandardWrapperValve.invoke(StandardWrapperValve.java:198) ~[tomcat-embed-core-8.5.34.jar:8.5.34]
	at org.apache.catalina.core.StandardContextValve.invoke(StandardContextValve.java:96) [tomcat-embed-core-8.5.34.jar:8.5.34]
	at org.apache.catalina.authenticator.AuthenticatorBase.invoke(AuthenticatorBase.java:493) [tomcat-embed-core-8.5.34.jar:8.5.34]
	at org.apache.catalina.core.StandardHostValve.invoke(StandardHostValve.java:140) [tomcat-embed-core-8.5.34.jar:8.5.34]
	at org.apache.catalina.valves.ErrorReportValve.invoke(ErrorReportValve.java:81) [tomcat-embed-core-8.5.34.jar:8.5.34]
	at org.apache.catalina.core.StandardEngineValve.invoke(StandardEngineValve.java:87) [tomcat-embed-core-8.5.34.jar:8.5.34]
	at org.apache.catalina.connector.CoyoteAdapter.service(CoyoteAdapter.java:342) [tomcat-embed-core-8.5.34.jar:8.5.34]
	at org.apache.coyote.http11.Http11Processor.service(Http11Processor.java:800) [tomcat-embed-core-8.5.34.jar:8.5.34]
	at org.apache.coyote.AbstractProcessorLight.process(AbstractProcessorLight.java:66) [tomcat-embed-core-8.5.34.jar:8.5.34]
	at org.apache.coyote.AbstractProtocol$ConnectionHandler.process(AbstractProtocol.java:806) [tomcat-embed-core-8.5.34.jar:8.5.34]
	at org.apache.tomcat.util.net.NioEndpoint$SocketProcessor.doRun(NioEndpoint.java:1498) [tomcat-embed-core-8.5.34.jar:8.5.34]
	at org.apache.tomcat.util.net.SocketProcessorBase.run(SocketProcessorBase.java:49) [tomcat-embed-core-8.5.34.jar:8.5.34]
	at java.util.concurrent.ThreadPoolExecutor.runWorker(ThreadPoolExecutor.java:1142) [na:1.8.0_31]
	at java.util.concurrent.ThreadPoolExecutor$Worker.run(ThreadPoolExecutor.java:617) [na:1.8.0_31]
	at org.apache.tomcat.util.threads.TaskThread$WrappingRunnable.run(TaskThread.java:61) [tomcat-embed-core-8.5.34.jar:8.5.34]
	at java.lang.Thread.run(Thread.java:745) [na:1.8.0_31]

